[debug] [2024-10-09T10:52:21.121Z] ----------------------------------------------------------------------
[debug] [2024-10-09T10:52:21.124Z] Command:       /nix/store/aspnwxp3q1wvg8jd1zg0295zmhr3lkb3-nodejs-18.19.1/bin/node /nix/store/xr72gg2gqad71hsvz1yfdcshbrd0b1f8-firebase-tools-13.19.0/lib/node_modules/firebase-tools/lib/bin/firebase.js init hosting
[debug] [2024-10-09T10:52:21.124Z] CLI Version:   13.19.0
[debug] [2024-10-09T10:52:21.125Z] Platform:      linux
[debug] [2024-10-09T10:52:21.125Z] Node Version:  v18.19.1
[debug] [2024-10-09T10:52:21.125Z] Time:          Wed Oct 09 2024 10:52:21 GMT+0000 (Coordinated Universal Time)
[debug] [2024-10-09T10:52:21.125Z] ----------------------------------------------------------------------
[debug] 
[debug] [2024-10-09T10:52:21.133Z] > command requires scopes: ["email","openid","https://www.googleapis.com/auth/cloudplatformprojects.readonly","https://www.googleapis.com/auth/firebase","https://www.googleapis.com/auth/cloud-platform"]
[debug] [2024-10-09T10:52:21.134Z] > authorizing via signed-in user (madinaveen2001@gmail.com)
[info] 
     ######## #### ########  ######## ########     ###     ######  ########
     ##        ##  ##     ## ##       ##     ##  ##   ##  ##       ##
     ######    ##  ########  ######   ########  #########  ######  ######
     ##        ##  ##    ##  ##       ##     ## ##     ##       ## ##
     ##       #### ##     ## ######## ########  ##     ##  ######  ########

You're about to initialize a Firebase project in this directory:

  /home/user/learn-django

[info] 
=== Project Setup
[info] 
[info] First, let's associate this project directory with a Firebase project.
[info] You can create multiple project aliases by running firebase use --add, 
[info] but for now we'll just set up a default project.
[info] 
[info] i  If you want to create a project in a Google Cloud organization or folder, please use "firebase projects:create" instead, and return to this command when you've created the project. 
[debug] [2024-10-09T10:53:57.467Z] >>> [apiv2][query] POST https://cloudresourcemanager.googleapis.com/v1/projects [none]
[debug] [2024-10-09T10:53:57.468Z] >>> [apiv2][body] POST https://cloudresourcemanager.googleapis.com/v1/projects {"projectId":"firebase projects:create","name":"txtado"}
[debug] [2024-10-09T10:53:58.318Z] <<< [apiv2][status] POST https://cloudresourcemanager.googleapis.com/v1/projects 400
[debug] [2024-10-09T10:53:58.319Z] <<< [apiv2][body] POST https://cloudresourcemanager.googleapis.com/v1/projects {"error":{"code":400,"message":"field [project_id] has issue [Cannot create domain prefixed projects]","status":"INVALID_ARGUMENT","details":[{"@type":"type.googleapis.com/google.rpc.BadRequest","fieldViolations":[{"field":"project_id","description":"Cannot create domain prefixed projects"}]},{"@type":"type.googleapis.com/google.rpc.Help","links":[{"url":"https://cloud.google.com/resource-manager/reference/rest/v1/projects"}]}]}}
[debug] [2024-10-09T10:53:58.321Z] FirebaseError: HTTP Error: 400, field [project_id] has issue [Cannot create domain prefixed projects]
    at responseToError (/nix/store/xr72gg2gqad71hsvz1yfdcshbrd0b1f8-firebase-tools-13.19.0/lib/node_modules/firebase-tools/lib/responseToError.js:49:12)
    at RetryOperation._fn (/nix/store/xr72gg2gqad71hsvz1yfdcshbrd0b1f8-firebase-tools-13.19.0/lib/node_modules/firebase-tools/lib/apiv2.js:305:77)
    at process.processTicksAndRejections (node:internal/process/task_queues:95:5)
[error] 
[error] Error: Failed to create project. See firebase-debug.log for more info.
